<?xml version="1.0" encoding="UTF-8"?>
<!-- Generated by org.testng.reporters.JUnitReportReporter -->
<testsuite hostname="LAPTOP-3AM8BEHN" failures="0" tests="1" name="TestNG.OrangeHrmAssertion" time="34.501" errors="0" timestamp="2022-08-25T15:51:40 IST" skipped="0">
  <testcase classname="TestNG.OrangeHrmAssertion" name="OrangeLogin" time="34.501"/>
  <system-out>
    <![CDATA[Login Ttitle is Displayed
Username text box is displayed
Password text box is displayed
Login Button is displayed]]>
  </system-out>
</testsuite> <!-- TestNG.OrangeHrmAssertion -->
