<?xml version="1.0" encoding="UTF-8"?>
<!-- Generated by org.testng.reporters.JUnitReportReporter -->
<testsuite hostname="LAPTOP-3AM8BEHN" failures="0" tests="9" name="TestNgFlags.PriorityFlag3" time="0.031" errors="0" timestamp="2022-08-22T13:53:03 IST" skipped="0">
  <testcase classname="TestNgFlags.PriorityFlag3" name="w" time="0.014"/>
  <system-out>
    <![CDATA[w method]]>
  </system-out>
  <testcase classname="TestNgFlags.PriorityFlag3" name="f" time="0.003"/>
  <system-out>
    <![CDATA[f method]]>
  </system-out>
  <testcase classname="TestNgFlags.PriorityFlag3" name="k" time="0.002"/>
  <system-out>
    <![CDATA[k method]]>
  </system-out>
  <testcase classname="TestNgFlags.PriorityFlag3" name="s" time="0.002"/>
  <system-out>
    <![CDATA[s method]]>
  </system-out>
  <testcase classname="TestNgFlags.PriorityFlag3" name="x" time="0.002"/>
  <system-out>
    <![CDATA[x method]]>
  </system-out>
  <testcase classname="TestNgFlags.PriorityFlag3" name="e" time="0.002"/>
  <system-out>
    <![CDATA[e method]]>
  </system-out>
  <testcase classname="TestNgFlags.PriorityFlag3" name="z" time="0.001"/>
  <system-out>
    <![CDATA[z method]]>
  </system-out>
  <testcase classname="TestNgFlags.PriorityFlag3" name="g" time="0.003"/>
  <system-out>
    <![CDATA[g method]]>
  </system-out>
  <testcase classname="TestNgFlags.PriorityFlag3" name="q" time="0.002"/>
  <system-out>
    <![CDATA[q method]]>
  </system-out>
</testsuite> <!-- TestNgFlags.PriorityFlag3 -->
