<?xml version="1.0" encoding="UTF-8"?>
<!-- Generated by org.testng.reporters.JUnitReportReporter -->
<testsuite hostname="LAPTOP-3AM8BEHN" failures="0" tests="3" name="TestNgFlags.EnabledFlag2" time="0.018" errors="0" timestamp="2022-08-22T13:31:57 IST" skipped="1">
  <testcase classname="TestNgFlags.EnabledFlag2" name="Method3" time="0.006"/>
  <system-out>
    <![CDATA[i am method 3]]>
  </system-out>
  <testcase classname="TestNgFlags.EnabledFlag2" name="Method2" time="0.012"/>
  <system-out>
    <![CDATA[i am method 2]]>
  </system-out>
  <testcase classname="TestNgFlags.EnabledFlag2" name="Method1">
    <skipped/>
  </testcase> <!-- Method1 -->
  <system-out/>
</testsuite> <!-- TestNgFlags.EnabledFlag2 -->
