<?xml version="1.0" encoding="UTF-8"?>
<!-- Generated by org.testng.reporters.JUnitReportReporter -->
<testsuite hostname="LAPTOP-3AM8BEHN" failures="0" tests="1" name="TestNG.DemoTestngClass" time="0.020" errors="0" timestamp="2022-08-18T20:08:57 IST" skipped="0">
  <testcase classname="TestNG.DemoTestngClass" name="demoMethod" time="0.020"/>
  <system-out>
    <![CDATA[i am demo Method]]>
  </system-out>
</testsuite> <!-- TestNG.DemoTestngClass -->
